<?xml version="1.0" encoding="UTF-8"?>
<!-- Generated by org.testng.reporters.JUnitReportReporter -->
<testsuite hostname="DESKTOP-4TM7A6M" failures="0" tests="1" name="coverFoxTest.TC12345_CoverFox_ValidateErrorMsgs" time="43.534" errors="0" timestamp="2024-11-10T23:25:20 IST" skipped="0">
  <testcase classname="coverFoxTest.TC12345_CoverFox_ValidateErrorMsgs" name="validatePinCodeErrorMsg" time="43.534">
    <system-out>
      <![CDATA[Entering Mobile no]]>
    </system-out>
  </testcase> <!-- validatePinCodeErrorMsg -->
  <system-out>
    <![CDATA[Launching browser..
Waiting..
Clicking on Gender Button
Clicking on Next Button
Handling on age Dropdown
Clicking on Next Button
Entering Mobile no]]>
  </system-out>
</testsuite> <!-- coverFoxTest.TC12345_CoverFox_ValidateErrorMsgs -->
