<?xml version="1.0" encoding="UTF-8"?>
<!-- Generated by org.testng.reporters.JUnitReportReporter -->
<testsuite hostname="DESKTOP-4TM7A6M" failures="0" tests="1" name="coverFoxTest.TC1234_CoverFox_ValidateBannerCount" time="11.875" errors="0" timestamp="2024-11-10T23:22:49 IST" skipped="0">
  <testcase classname="coverFoxTest.TC1234_CoverFox_ValidateBannerCount" name="validatePolicyCount" time="11.875">
    <system-out>
      <![CDATA[getting policy count from text displayed..
getting policy count from banner displayed..
This is new branch]]>
    </system-out>
  </testcase> <!-- validatePolicyCount -->
  <system-out>
    <![CDATA[Launching browser..
Waiting..
Clicking on Gender Button
Clicking on Next Button
Handling on age Dropdown
Clicking on Next Button
Entering Pincode..
Entering Mobile no
Clicking on Continue button
getting policy count from text displayed..
getting policy count from banner displayed..
This is new branch
Close browser]]>
  </system-out>
</testsuite> <!-- coverFoxTest.TC1234_CoverFox_ValidateBannerCount -->
